<?xml version="1.0" encoding="UTF-8"?>
<!-- Generated by org.testng.reporters.JUnitXMLReporter -->
<testsuite hostname="Piyush" name="Test1" tests="9" failures="0" timestamp="23 Oct 2020 05:25:28 GMT" time="24.245" errors="0">
  <testcase name="test" time="0.645" classname="testcases.LoginTestSeeker"/>
  <testcase name="test" time="0.723" classname="testcases.LoginTestSeeker"/>
  <testcase name="test" time="0.255" classname="testcases.LoginTestSeeker"/>
  <testcase name="test" time="0.256" classname="testcases.LoginTestSeeker"/>
  <testcase name="test" time="0.264" classname="testcases.LoginTestSeeker"/>
  <testcase name="test" time="0.539" classname="testcases.LoginTestSeeker"/>
  <testcase name="test" time="0.229" classname="testcases.LoginTestSeeker"/>
  <testcase name="test" time="0.489" classname="testcases.LoginTestSeeker"/>
  <testcase name="test" time="0.794" classname="testcases.LoginTestSeeker"/>
</testsuite> <!-- Test1 -->
