<?xml version="1.0" encoding="UTF-8"?>
<!-- Generated by org.testng.reporters.JUnitXMLReporter -->
<testsuite hostname="Piyush" ignored="0" name="Test1" tests="9" failures="0" timestamp="12 May 2020 09:01:15 GMT" time="1.042" errors="0">
  <testcase name="@BeforeTest beforeTest" time="0.148" classname="core.Page">
    <failure type="java.lang.NoClassDefFoundError" message="com/relevantcodes/extentreports/ExtentReports">
      <![CDATA[java.lang.NoClassDefFoundError: com/relevantcodes/extentreports/ExtentReports
at core.Page.beforeTest(Page.java:33)
Caused by: java.lang.ClassNotFoundException: com.relevantcodes.extentreports.ExtentReports
at java.net.URLClassLoader.findClass(URLClassLoader.java:382)
at java.lang.ClassLoader.loadClass(ClassLoader.java:418)
at sun.misc.Launcher$AppClassLoader.loadClass(Launcher.java:355)
at java.lang.ClassLoader.loadClass(ClassLoader.java:351)
... 29 more
... Removed 28 stack frames]]>
    </failure>
  </testcase> <!-- @BeforeTest beforeTest -->
  <testcase name="@AfterTest afterTest" time="0.0" classname="core.Page">
    <skipped/>
  </testcase> <!-- @AfterTest afterTest -->
  <testcase name="test" time="0.0" classname="testcases.LoginTestSeeker">
    <skipped/>
  </testcase> <!-- test -->
  <testcase name="test" time="0.0" classname="testcases.LoginTestSeeker">
    <skipped/>
  </testcase> <!-- test -->
  <testcase name="test" time="0.0" classname="testcases.LoginTestSeeker">
    <skipped/>
  </testcase> <!-- test -->
  <testcase name="test" time="0.0" classname="testcases.LoginTestSeeker">
    <skipped/>
  </testcase> <!-- test -->
  <testcase name="test" time="0.0" classname="testcases.LoginTestSeeker">
    <skipped/>
  </testcase> <!-- test -->
  <testcase name="test" time="0.0" classname="testcases.LoginTestSeeker">
    <skipped/>
  </testcase> <!-- test -->
  <testcase name="test" time="0.0" classname="testcases.LoginTestSeeker">
    <skipped/>
  </testcase> <!-- test -->
  <testcase name="test" time="0.0" classname="testcases.LoginTestSeeker">
    <skipped/>
  </testcase> <!-- test -->
  <testcase name="test" time="0.0" classname="testcases.LoginTestSeeker">
    <skipped/>
  </testcase> <!-- test -->
</testsuite> <!-- Test1 -->
