<?xml version="1.0" encoding="UTF-8"?>
<!-- Generated by org.testng.reporters.JUnitXMLReporter -->
<testsuite hostname="Piyush" ignored="0" name="Test2" tests="3" failures="0" timestamp="12 May 2020 09:01:16 GMT" time="0.011" errors="0">
  <testcase name="@BeforeTest beforeTest" time="0.0" classname="core.Page">
    <failure type="java.lang.NoClassDefFoundError" message="com/relevantcodes/extentreports/ExtentReports">
      <![CDATA[java.lang.NoClassDefFoundError: com/relevantcodes/extentreports/ExtentReports
at core.Page.beforeTest(Page.java:33)
... Removed 28 stack frames]]>
    </failure>
  </testcase> <!-- @BeforeTest beforeTest -->
  <testcase name="@AfterTest afterTest" time="0.0" classname="core.Page">
    <skipped/>
  </testcase> <!-- @AfterTest afterTest -->
  <testcase name="test" time="0.0" classname="testcases.LoginTestProvider">
    <skipped/>
  </testcase> <!-- test -->
  <testcase name="test" time="0.0" classname="testcases.LoginTestProvider">
    <skipped/>
  </testcase> <!-- test -->
  <testcase name="test" time="0.0" classname="testcases.LoginTestProvider">
    <skipped/>
  </testcase> <!-- test -->
</testsuite> <!-- Test2 -->
