<?xml version="1.0" encoding="UTF-8"?>
<testsuite xmlns:xsi="http://www.w3.org/2001/XMLSchema-instance" xsi:noNamespaceSchemaLocation="https://maven.apache.org/surefire/maven-surefire-plugin/xsd/surefire-test-report-3.0.xsd" version="3.0" name="TestSuite" time="2.234" tests="16" errors="0" skipped="14" failures="2">
  <properties>
[...]
</properties>
  <testcase name="beforeTest" classname="testcases.LoginTestSeeker" time="1.058">
    <failure message="com/relevantcodes/extentreports/ExtentReports" type="java.lang.NoClassDefFoundError"><![CDATA[java.lang.NoClassDefFoundError: com/relevantcodes/extentreports/ExtentReports
Caused by: java.lang.ClassNotFoundException: com.relevantcodes.extentreports.ExtentReports
]]></failure>
  </testcase>
  <testcase name="test" classname="testcases.LoginTestSeeker" time="0">
    <skipped message="com/relevantcodes/extentreports/ExtentReports"/>
    <system-out><![CDATA[connected by poi..
2 , 9
]]></system-out>
  </testcase>
  <testcase name="test" classname="testcases.LoginTestSeeker" time="0">
    <skipped message="com/relevantcodes/extentreports/ExtentReports"/>
  </testcase>
  <testcase name="test" classname="testcases.LoginTestSeeker" time="0">
    <skipped message="com/relevantcodes/extentreports/ExtentReports"/>
  </testcase>
  <testcase name="test" classname="testcases.LoginTestSeeker" time="0">
    <skipped message="com/relevantcodes/extentreports/ExtentReports"/>
  </testcase>
  <testcase name="test" classname="testcases.LoginTestSeeker" time="0">
    <skipped message="com/relevantcodes/extentreports/ExtentReports"/>
  </testcase>
  <testcase name="test" classname="testcases.LoginTestSeeker" time="0">
    <skipped message="com/relevantcodes/extentreports/ExtentReports"/>
  </testcase>
  <testcase name="test" classname="testcases.LoginTestSeeker" time="0">
    <skipped message="com/relevantcodes/extentreports/ExtentReports"/>
  </testcase>
  <testcase name="test" classname="testcases.LoginTestSeeker" time="0">
    <skipped message="com/relevantcodes/extentreports/ExtentReports"/>
  </testcase>
  <testcase name="test" classname="testcases.LoginTestSeeker" time="0">
    <skipped message="com/relevantcodes/extentreports/ExtentReports"/>
  </testcase>
  <testcase name="afterTest" classname="testcases.LoginTestSeeker" time="0">
    <skipped/>
  </testcase>
  <testcase name="beforeTest" classname="testcases.LoginTestProvider" time="2.025">
    <failure message="com/relevantcodes/extentreports/ExtentReports" type="java.lang.NoClassDefFoundError"><![CDATA[java.lang.NoClassDefFoundError: com/relevantcodes/extentreports/ExtentReports
]]></failure>
  </testcase>
  <testcase name="test" classname="testcases.LoginTestProvider" time="0">
    <skipped message="com/relevantcodes/extentreports/ExtentReports"/>
    <system-out><![CDATA[connected by poi..
2 , 3
]]></system-out>
  </testcase>
  <testcase name="test" classname="testcases.LoginTestProvider" time="0">
    <skipped message="com/relevantcodes/extentreports/ExtentReports"/>
  </testcase>
  <testcase name="test" classname="testcases.LoginTestProvider" time="0">
    <skipped message="com/relevantcodes/extentreports/ExtentReports"/>
  </testcase>
  <testcase name="afterTest" classname="testcases.LoginTestProvider" time="0">
    <skipped/>
  </testcase>
</testsuite>